<?xml version="1.0" encoding="UTF-8"?>
<!-- Generated by org.testng.reporters.JUnitXMLReporter -->
<testsuite ignored="4" hostname="LAPTOP-2P3PO75B" failures="0" tests="8" name="Default test" time="60.029" errors="0" timestamp="2023-10-03T22:28:07 IST">
  <testcase classname="tests.Class1Test" name="testID_01" time="5.465"/>
  <testcase classname="tests.Class1Test" name="testID_02" time="0.029"/>
  <testcase classname="tests.Class1Test" name="clickOnContact" time="3.996"/>
  <testcase classname="tests.Class1Test" name="testingBlankForm" time="0.378"/>
  <testcase classname="tests.Class1Test" name="verifyingMandatoryFields" time="15.451"/>
  <testcase classname="tests.Class1Test" name="verifyingMandatoryFields" time="15.059"/>
  <testcase classname="tests.Class1Test" name="verifyingMandatoryFields" time="14.904"/>
  <testcase classname="tests.Class1Test" name="validateOptionalFields" time="4.602"/>
  <testcase classname="tests.BaseTest" name="@AfterSuite tearDown" time="0.0">
    <ignored/>
  </testcase> <!-- @AfterSuite tearDown -->
  <testcase classname="tests.BaseTest" name="@AfterSuite tearDown" time="0.0">
    <ignored/>
  </testcase> <!-- @AfterSuite tearDown -->
  <testcase classname="tests.BaseTest" name="@BeforeSuite initBrowser" time="0.0">
    <ignored/>
  </testcase> <!-- @BeforeSuite initBrowser -->
  <testcase classname="tests.BaseTest" name="@BeforeSuite initBrowser" time="0.0">
    <ignored/>
  </testcase> <!-- @BeforeSuite initBrowser -->
</testsuite> <!-- Default test -->
